<?xml version="1.0" encoding="UTF-8"?>
<!-- Generated by org.testng.reporters.JUnitReportReporter -->
<testsuite hostname="Smitas-MacBook-Air.local" failures="0" tests="3" name="org.KylieCosmetics.CompatibilityTest" time="11.111" errors="0" timestamp="2023-05-08T02:51:48 IST" skipped="0">
  <testcase classname="org.KylieCosmetics.CompatibilityTest" name="environmentTest" time="10.468"/>
  <system-out/>
  <testcase classname="org.KylieCosmetics.CompatibilityTest" name="setCookieConsent" time="0.350"/>
  <system-out/>
  <testcase classname="org.KylieCosmetics.CompatibilityTest" name="teardown" time="0.293"/>
  <system-out/>
</testsuite> <!-- org.KylieCosmetics.CompatibilityTest -->
