<?xml version="1.0" encoding="UTF-8"?>
<!-- Generated by org.testng.reporters.JUnitReportReporter -->
<testsuite hostname="Smitas-MacBook-Air.local" failures="0" tests="3" name="org.KylieCosmetics.MobileResponsivenessTest" time="10.135" errors="0" timestamp="2023-05-06T14:49:49 IST" skipped="0">
  <testcase classname="org.KylieCosmetics.MobileResponsivenessTest" name="CookieConsent" time="0.070"/>
  <system-out/>
  <testcase classname="org.KylieCosmetics.MobileResponsivenessTest" name="menuIcon" time="2.162"/>
  <system-out/>
  <testcase classname="org.KylieCosmetics.MobileResponsivenessTest" name="setLogin" time="7.903"/>
  <system-out/>
</testsuite> <!-- org.KylieCosmetics.MobileResponsivenessTest -->
