<?xml version="1.0" encoding="UTF-8"?>
<!-- Generated by org.testng.reporters.JUnitReportReporter -->
<testsuite hostname="Smitas-MacBook-Air.local" failures="0" tests="4" name="org.KylieCosmetics.SearchFunctionalityTest" time="9.508" errors="0" timestamp="2023-05-06T14:49:49 IST" skipped="0">
  <testcase classname="org.KylieCosmetics.SearchFunctionalityTest" name="environmentTest" time="8.026"/>
  <system-out/>
  <testcase classname="org.KylieCosmetics.SearchFunctionalityTest" name="setCookieConsent" time="0.061"/>
  <system-out/>
  <testcase classname="org.KylieCosmetics.SearchFunctionalityTest" name="verifySearch" time="1.314"/>
  <system-out/>
  <testcase classname="org.KylieCosmetics.SearchFunctionalityTest" name="teardown" time="0.107"/>
  <system-out/>
</testsuite> <!-- org.KylieCosmetics.SearchFunctionalityTest -->
