<?xml version="1.0" encoding="UTF-8"?>
<!-- Generated by org.testng.reporters.JUnitReportReporter -->
<testsuite hostname="Smitas-MacBook-Air.local" failures="0" tests="4" name="org.KylieCosmetics.SocialMediaLinksTest" time="18.748" errors="0" timestamp="2023-05-06T14:49:49 IST" skipped="0">
  <testcase classname="org.KylieCosmetics.SocialMediaLinksTest" name="CookieConsent" time="0.281"/>
  <system-out/>
  <testcase classname="org.KylieCosmetics.SocialMediaLinksTest" name="facebookTest" time="8.259"/>
  <system-out/>
  <testcase classname="org.KylieCosmetics.SocialMediaLinksTest" name="instagramTest" time="5.093"/>
  <system-out/>
  <testcase classname="org.KylieCosmetics.SocialMediaLinksTest" name="twitterTest" time="5.115"/>
  <system-out/>
</testsuite> <!-- org.KylieCosmetics.SocialMediaLinksTest -->
