<?xml version="1.0" encoding="UTF-8"?>
<!-- Generated by org.testng.reporters.JUnitReportReporter -->
<testsuite hostname="Smitas-MacBook-Air.local" failures="0" tests="10" name="org.KylieCosmetics.FunctionalityTest" time="54.354" errors="0" timestamp="2023-05-06T14:49:49 IST" skipped="0">
  <testcase classname="org.KylieCosmetics.FunctionalityTest" name="environmentTest" time="7.619"/>
  <system-out/>
  <testcase classname="org.KylieCosmetics.FunctionalityTest" name="CookieConsent" time="0.081"/>
  <system-out/>
  <testcase classname="org.KylieCosmetics.FunctionalityTest" name="login" time="13.190"/>
  <system-out/>
  <testcase classname="org.KylieCosmetics.FunctionalityTest" name="search" time="12.024"/>
  <system-out/>
  <testcase classname="org.KylieCosmetics.FunctionalityTest" name="getProductDetails" time="3.289"/>
  <system-out/>
  <testcase classname="org.KylieCosmetics.FunctionalityTest" name="addToWishlist" time="3.043"/>
  <system-out/>
  <testcase classname="org.KylieCosmetics.FunctionalityTest" name="checkWishList" time="4.873"/>
  <system-out/>
  <testcase classname="org.KylieCosmetics.FunctionalityTest" name="productAddToCart" time="3.055"/>
  <system-out/>
  <testcase classname="org.KylieCosmetics.FunctionalityTest" name="checkoutProduct" time="7.010"/>
  <system-out/>
  <testcase classname="org.KylieCosmetics.FunctionalityTest" name="teardown" time="0.170"/>
  <system-out/>
</testsuite> <!-- org.KylieCosmetics.FunctionalityTest -->
