<?xml version="1.0" encoding="UTF-8"?>
<!-- Generated by org.testng.reporters.JUnitReportReporter -->
<testsuite hostname="Smitas-MacBook-Air.local" failures="0" tests="4" name="org.KylieCosmetics.SecurityTest" time="9.213" errors="0" timestamp="2023-05-06T14:49:49 IST" skipped="0">
  <testcase classname="org.KylieCosmetics.SecurityTest" name="environmentTest" time="8.966"/>
  <system-out/>
  <testcase classname="org.KylieCosmetics.SecurityTest" name="setCookieConsent" time="0.089"/>
  <system-out/>
  <testcase classname="org.KylieCosmetics.SecurityTest" name="testSSLCertificate" time="0.049"/>
  <system-out/>
  <testcase classname="org.KylieCosmetics.SecurityTest" name="teardown" time="0.109"/>
  <system-out/>
</testsuite> <!-- org.KylieCosmetics.SecurityTest -->
