<?xml version="1.0" encoding="UTF-8"?>
<!-- Generated by org.testng.reporters.JUnitReportReporter -->
<testsuite hostname="Smitas-MacBook-Air.local" failures="0" tests="3" name="org.KylieCosmetics.MobileResponsivenessTest" time="5.988" errors="0" timestamp="2023-05-08T02:51:48 IST" skipped="0">
  <testcase classname="org.KylieCosmetics.MobileResponsivenessTest" name="CookieConsent" time="0.072"/>
  <system-out/>
  <testcase classname="org.KylieCosmetics.MobileResponsivenessTest" name="menuIcon" time="2.151"/>
  <system-out/>
  <testcase classname="org.KylieCosmetics.MobileResponsivenessTest" name="setLogin" time="3.765"/>
  <system-out/>
</testsuite> <!-- org.KylieCosmetics.MobileResponsivenessTest -->
