<?xml version="1.0" encoding="UTF-8"?>
<!-- Generated by org.testng.reporters.JUnitReportReporter -->
<testsuite hostname="Smitas-MacBook-Air.local" failures="0" tests="4" name="org.KylieCosmetics.SearchFunctionalityTest" time="9.587" errors="0" timestamp="2023-05-08T02:51:48 IST" skipped="0">
  <testcase classname="org.KylieCosmetics.SearchFunctionalityTest" name="environmentTest" time="7.997"/>
  <system-out/>
  <testcase classname="org.KylieCosmetics.SearchFunctionalityTest" name="setCookieConsent" time="0.038"/>
  <system-out/>
  <testcase classname="org.KylieCosmetics.SearchFunctionalityTest" name="verifySearch" time="1.431"/>
  <system-out/>
  <testcase classname="org.KylieCosmetics.SearchFunctionalityTest" name="teardown" time="0.121"/>
  <system-out/>
</testsuite> <!-- org.KylieCosmetics.SearchFunctionalityTest -->
