<?xml version="1.0" encoding="UTF-8"?>
<!-- Generated by org.testng.reporters.JUnitReportReporter -->
<testsuite hostname="Smitas-MacBook-Air.local" failures="0" tests="3" name="org.KylieCosmetics.CompatibilityTest" time="8.630" errors="0" timestamp="2023-05-06T14:49:49 IST" skipped="0">
  <testcase classname="org.KylieCosmetics.CompatibilityTest" name="environmentTest" time="7.883"/>
  <system-out/>
  <testcase classname="org.KylieCosmetics.CompatibilityTest" name="setCookieConsent" time="0.441"/>
  <system-out/>
  <testcase classname="org.KylieCosmetics.CompatibilityTest" name="teardown" time="0.306"/>
  <system-out/>
</testsuite> <!-- org.KylieCosmetics.CompatibilityTest -->
