<?xml version="1.0" encoding="UTF-8"?>
<!-- Generated by org.testng.reporters.JUnitReportReporter -->
<testsuite hostname="Smitas-MacBook-Air.local" failures="0" tests="3" name="org.KylieCosmetics.LoadTimeTest" time="10.369" errors="0" timestamp="2023-05-06T14:49:49 IST" skipped="0">
  <testcase classname="org.KylieCosmetics.LoadTimeTest" name="environmentTest" time="7.642"/>
  <system-out/>
  <testcase classname="org.KylieCosmetics.LoadTimeTest" name="websiteLoadTime" time="2.576"/>
  <system-out/>
  <testcase classname="org.KylieCosmetics.LoadTimeTest" name="teardown" time="0.151"/>
  <system-out/>
</testsuite> <!-- org.KylieCosmetics.LoadTimeTest -->
