<?xml version="1.0" encoding="UTF-8"?>
<!-- Generated by org.testng.reporters.JUnitReportReporter -->
<testsuite hostname="Smitas-MacBook-Air.local" failures="0" tests="3" name="org.KylieCosmetics.VerifyHomePageTitle" time="10.086" errors="0" timestamp="2023-05-08T02:51:48 IST" skipped="0">
  <testcase classname="org.KylieCosmetics.VerifyHomePageTitle" name="environmentTest" time="9.954"/>
  <system-out/>
  <testcase classname="org.KylieCosmetics.VerifyHomePageTitle" name="verifyTitle" time="0.003"/>
  <system-out/>
  <testcase classname="org.KylieCosmetics.VerifyHomePageTitle" name="teardown" time="0.129"/>
  <system-out/>
</testsuite> <!-- org.KylieCosmetics.VerifyHomePageTitle -->
