<?xml version="1.0" encoding="UTF-8"?>
<!-- Generated by org.testng.reporters.JUnitReportReporter -->
<testsuite hostname="Smitas-MacBook-Air.local" failures="0" tests="4" name="org.KylieCosmetics.SocialMediaLinksTest" time="18.361" errors="0" timestamp="2023-05-08T02:51:48 IST" skipped="0">
  <testcase classname="org.KylieCosmetics.SocialMediaLinksTest" name="CookieConsent" time="0.036"/>
  <system-out/>
  <testcase classname="org.KylieCosmetics.SocialMediaLinksTest" name="facebookTest" time="8.144"/>
  <system-out/>
  <testcase classname="org.KylieCosmetics.SocialMediaLinksTest" name="instagramTest" time="5.088"/>
  <system-out/>
  <testcase classname="org.KylieCosmetics.SocialMediaLinksTest" name="twitterTest" time="5.093"/>
  <system-out/>
</testsuite> <!-- org.KylieCosmetics.SocialMediaLinksTest -->
