<?xml version="1.0" encoding="UTF-8"?>
<!-- Generated by org.testng.reporters.JUnitReportReporter -->
<testsuite hostname="Smitas-MacBook-Air.local" failures="0" tests="4" name="org.KylieCosmetics.VerifyNavBarTest" time="8.638" errors="0" timestamp="2023-05-08T02:51:48 IST" skipped="0">
  <testcase classname="org.KylieCosmetics.VerifyNavBarTest" name="environmentTest" time="8.362"/>
  <system-out/>
  <testcase classname="org.KylieCosmetics.VerifyNavBarTest" name="setCookieConsent" time="0.064"/>
  <system-out/>
  <testcase classname="org.KylieCosmetics.VerifyNavBarTest" name="verifyNavBar" time="0.077"/>
  <system-out/>
  <testcase classname="org.KylieCosmetics.VerifyNavBarTest" name="teardown" time="0.135"/>
  <system-out/>
</testsuite> <!-- org.KylieCosmetics.VerifyNavBarTest -->
