<?xml version="1.0" encoding="UTF-8"?>
<!-- Generated by org.testng.reporters.JUnitReportReporter -->
<testsuite hostname="Smitas-MacBook-Air.local" failures="0" tests="4" name="org.KylieCosmetics.SecurityTest" time="8.568" errors="0" timestamp="2023-05-08T02:51:48 IST" skipped="0">
  <testcase classname="org.KylieCosmetics.SecurityTest" name="environmentTest" time="8.367"/>
  <system-out/>
  <testcase classname="org.KylieCosmetics.SecurityTest" name="setCookieConsent" time="0.036"/>
  <system-out/>
  <testcase classname="org.KylieCosmetics.SecurityTest" name="testSSLCertificate" time="0.053"/>
  <system-out/>
  <testcase classname="org.KylieCosmetics.SecurityTest" name="teardown" time="0.112"/>
  <system-out/>
</testsuite> <!-- org.KylieCosmetics.SecurityTest -->
