<?xml version="1.0" encoding="UTF-8"?>
<!-- Generated by org.testng.reporters.JUnitReportReporter -->
<testsuite hostname="Smitas-MacBook-Air.local" failures="0" tests="10" name="org.KylieCosmetics.FunctionalityTest" time="53.700" errors="0" timestamp="2023-05-08T02:51:48 IST" skipped="0">
  <testcase classname="org.KylieCosmetics.FunctionalityTest" name="environmentTest" time="7.831"/>
  <system-out/>
  <testcase classname="org.KylieCosmetics.FunctionalityTest" name="CookieConsent" time="0.041"/>
  <system-out/>
  <testcase classname="org.KylieCosmetics.FunctionalityTest" name="login" time="12.750"/>
  <system-out/>
  <testcase classname="org.KylieCosmetics.FunctionalityTest" name="search" time="12.764"/>
  <system-out/>
  <testcase classname="org.KylieCosmetics.FunctionalityTest" name="getProductDetails" time="2.342"/>
  <system-out/>
  <testcase classname="org.KylieCosmetics.FunctionalityTest" name="addToWishlist" time="3.034"/>
  <system-out/>
  <testcase classname="org.KylieCosmetics.FunctionalityTest" name="checkWishList" time="4.816"/>
  <system-out/>
  <testcase classname="org.KylieCosmetics.FunctionalityTest" name="productAddToCart" time="3.071"/>
  <system-out/>
  <testcase classname="org.KylieCosmetics.FunctionalityTest" name="checkoutProduct" time="6.887"/>
  <system-out/>
  <testcase classname="org.KylieCosmetics.FunctionalityTest" name="teardown" time="0.164"/>
  <system-out/>
</testsuite> <!-- org.KylieCosmetics.FunctionalityTest -->
